\BOOKMARK [1][-]{section.1}{Introduction}{}% 1
\BOOKMARK [2][-]{subsection.1.1}{What is Supervised Learning?}{section.1}% 2
\BOOKMARK [1][-]{section.2}{Dataset}{}% 3
\BOOKMARK [2][-]{subsection.2.1}{Description}{section.2}% 4
\BOOKMARK [2][-]{subsection.2.2}{Targets}{section.2}% 5
\BOOKMARK [2][-]{subsection.2.3}{Sample}{section.2}% 6
\BOOKMARK [2][-]{subsection.2.4}{What are we prediction?}{section.2}% 7
\BOOKMARK [1][-]{section.3}{Algorithms}{}% 8
\BOOKMARK [2][-]{subsection.3.1}{Decision Tree}{section.3}% 9
\BOOKMARK [3][-]{subsubsection.3.1.1}{Description}{subsection.3.1}% 10
\BOOKMARK [3][-]{subsubsection.3.1.2}{How data was handled}{subsection.3.1}% 11
\BOOKMARK [3][-]{subsubsection.3.1.3}{Reason}{subsection.3.1}% 12
\BOOKMARK [3][-]{subsubsection.3.1.4}{Performance}{subsection.3.1}% 13
\BOOKMARK [2][-]{subsection.3.2}{Na\357ve Bayes}{section.3}% 14
\BOOKMARK [3][-]{subsubsection.3.2.1}{Description}{subsection.3.2}% 15
\BOOKMARK [3][-]{subsubsection.3.2.2}{How data was handled}{subsection.3.2}% 16
\BOOKMARK [3][-]{subsubsection.3.2.3}{Reason}{subsection.3.2}% 17
\BOOKMARK [3][-]{subsubsection.3.2.4}{Performance}{subsection.3.2}% 18
\BOOKMARK [2][-]{subsection.3.3}{Linear Regression}{section.3}% 19
\BOOKMARK [3][-]{subsubsection.3.3.1}{Description}{subsection.3.3}% 20
\BOOKMARK [3][-]{subsubsection.3.3.2}{How data was handled}{subsection.3.3}% 21
\BOOKMARK [3][-]{subsubsection.3.3.3}{Reason}{subsection.3.3}% 22
\BOOKMARK [3][-]{subsubsection.3.3.4}{Performance}{subsection.3.3}% 23
\BOOKMARK [1][-]{section.4}{Results}{}% 24
\BOOKMARK [2][-]{subsection.4.1}{Findings}{section.4}% 25
\BOOKMARK [3][-]{subsubsection.4.1.1}{Best Algorithm}{subsection.4.1}% 26
\BOOKMARK [3][-]{subsubsection.4.1.2}{Worst Algorithm}{subsection.4.1}% 27
\BOOKMARK [2][-]{subsection.4.2}{Recommendations}{section.4}% 28
